c:\users\orkhan alıyev\desktop\goruntuıslemeprojelerı_\goruntuıslemeprojelerı\debug\vc141.pdb
c:\users\orkhan alıyev\desktop\goruntuıslemeprojelerı_\goruntuıslemeprojelerı\debug\.netframework,versıon=v4.6.1.assemblyattrıbutes.obj
c:\users\orkhan alıyev\desktop\goruntuıslemeprojelerı_\goruntuıslemeprojelerı\debug\.netframework,versıon=v4.6.1.assemblyattrıbutes.asm
c:\users\orkhan alıyev\desktop\goruntuıslemeprojelerı_\goruntuıslemeprojelerı\debug\ımge_bmp.obj
c:\users\orkhan alıyev\desktop\goruntuıslemeprojelerı_\goruntuıslemeprojelerı\debug\myform.obj
c:\users\orkhan alıyev\desktop\goruntuıslemeprojelerı_\goruntuıslemeprojelerı\debug\myform1.obj
c:\users\orkhan alıyev\desktop\goruntuıslemeprojelerı_\goruntuıslemeprojelerı\debug\canny.obj
c:\users\orkhan alıyev\desktop\goruntuıslemeprojelerı_\goruntuıslemeprojelerı\debug\hıstogram.obj
c:\users\orkhan alıyev\desktop\goruntuıslemeprojeleri_\goruntuıslemeprojeleri\debug\goruntuıslemeprojeleri.myform.resources
c:\users\orkhan alıyev\desktop\goruntuıslemeprojeleri_\goruntuıslemeprojeleri\debug\goruntuıslemeprojeleri.myform1.resources
c:\users\orkhan alıyev\desktop\goruntuıslemeprojeleri_\goruntuıslemeprojeleri\debug\goruntuıslemeprojeleri.canny.resources
c:\users\orkhan alıyev\desktop\goruntuıslemeprojeleri_\goruntuıslemeprojeleri\debug\goruntuıslemeprojeleri.histogram.resources
c:\users\orkhan alıyev\desktop\goruntuıslemeprojelerı_\debug\goruntuıslemeprojelerı.exe
c:\users\orkhan alıyev\desktop\goruntuıslemeprojelerı_\debug\goruntuıslemeprojelerı.pdb
c:\users\orkhan alıyev\desktop\goruntuıslemeprojelerı_\goruntuıslemeprojelerı\debug\goruntuı.c8d72d1c.tlog\metagen.wrıte.1.tlog
c:\users\orkhan alıyev\desktop\goruntuıslemeprojeleri_\goruntuıslemeprojeleri\debug\goruntuıslemeprojeleri.vcxproj.generateresource.cache
c:\users\orkhan alıyev\desktop\goruntuıslemeprojeleri_\goruntuıslemeprojeleri\debug\goruntuıslemeprojeleri.vcxprojassemblyreference.cache
c:\users\orkhan alıyev\desktop\goruntuıslemeprojeleri_\goruntuıslemeprojeleri\debug\.netframework,version=v4.6.1.assemblyattributes.obj
c:\users\orkhan alıyev\desktop\goruntuıslemeprojeleri_\goruntuıslemeprojeleri\debug\canny.obj
c:\users\orkhan alıyev\desktop\goruntuıslemeprojeleri_\goruntuıslemeprojeleri\debug\histogram.obj
c:\users\orkhan alıyev\desktop\goruntuıslemeprojeleri_\goruntuıslemeprojeleri\debug\humoments.obj
c:\users\orkhan alıyev\desktop\goruntuıslemeprojeleri_\goruntuıslemeprojeleri\debug\imge_bmp.obj
c:\users\orkhan alıyev\desktop\goruntuıslemeprojeleri_\goruntuıslemeprojeleri\debug\myform.obj
c:\users\orkhan alıyev\desktop\goruntuıslemeprojeleri_\goruntuıslemeprojeleri\debug\myform1.obj
c:\users\orkhan alıyev\desktop\goruntuıslemeprojeleri_\goruntuıslemeprojeleri\debug\vc141.pdb
c:\users\orkhan alıyev\desktop\goruntuıslemeprojeleri_\debug\goruntuıslemeprojeleri.pdb
c:\users\orkhan alıyev\desktop\goruntuıslemeprojeleri_\debug\goruntuıslemeprojeleri.exe
c:\users\orkhan alıyev\desktop\goruntuıslemeprojeleri_\goruntuıslemeprojeleri\debug\goruntuı.c8d72d1c.tlog\cl.command.1.tlog
c:\users\orkhan alıyev\desktop\goruntuıslemeprojeleri_\goruntuıslemeprojeleri\debug\goruntuı.c8d72d1c.tlog\cl.read.1.tlog
c:\users\orkhan alıyev\desktop\goruntuıslemeprojeleri_\goruntuıslemeprojeleri\debug\goruntuı.c8d72d1c.tlog\cl.write.1.tlog
c:\users\orkhan alıyev\desktop\goruntuıslemeprojeleri_\goruntuıslemeprojeleri\debug\goruntuı.c8d72d1c.tlog\goruntuıslemeprojeleri.write.1u.tlog
c:\users\orkhan alıyev\desktop\goruntuıslemeprojeleri_\goruntuıslemeprojeleri\debug\goruntuı.c8d72d1c.tlog\link.command.1.tlog
c:\users\orkhan alıyev\desktop\goruntuıslemeprojeleri_\goruntuıslemeprojeleri\debug\goruntuı.c8d72d1c.tlog\link.read.1.tlog
c:\users\orkhan alıyev\desktop\goruntuıslemeprojeleri_\goruntuıslemeprojeleri\debug\goruntuı.c8d72d1c.tlog\link.write.1.tlog
c:\users\orkhan alıyev\desktop\goruntuıslemeprojeleri_\goruntuıslemeprojeleri\debug\goruntuı.c8d72d1c.tlog\metagen.read.1.tlog
c:\users\orkhan alıyev\desktop\goruntuıslemeprojeleri_\goruntuıslemeprojeleri\debug\goruntuı.c8d72d1c.tlog\metagen.write.1.tlog
c:\users\orkhan alıyev\desktop\goruntuıslemeprojeleri_\goruntuıslemeprojeleri\debug\goruntuı.c8d72d1c.tlog\mscorlıb.dll.metagen
c:\users\orkhan alıyev\desktop\goruntuıslemeprojeleri_\goruntuıslemeprojeleri\debug\goruntuı.c8d72d1c.tlog\system.data.dll.metagen
c:\users\orkhan alıyev\desktop\goruntuıslemeprojeleri_\goruntuıslemeprojeleri\debug\goruntuı.c8d72d1c.tlog\system.dll.metagen
c:\users\orkhan alıyev\desktop\goruntuıslemeprojeleri_\goruntuıslemeprojeleri\debug\goruntuı.c8d72d1c.tlog\system.drawıng.dll.metagen
c:\users\orkhan alıyev\desktop\goruntuıslemeprojeleri_\goruntuıslemeprojeleri\debug\goruntuı.c8d72d1c.tlog\system.wındows.forms.datavısualızatıon.dll.metagen
c:\users\orkhan alıyev\desktop\goruntuıslemeprojeleri_\goruntuıslemeprojeleri\debug\goruntuı.c8d72d1c.tlog\system.wındows.forms.dll.metagen
c:\users\orkhan alıyev\desktop\goruntuıslemeprojeleri_\goruntuıslemeprojeleri\debug\goruntuı.c8d72d1c.tlog\system.xml.dll.metagen
c:\users\orkhan alıyev\desktop\goruntuıslemeprojeleri_\goruntuıslemeprojeleri\debug\goruntuı.c8d72d1c.tlog\clr.dll.bi
c:\users\orkhan alıyev\desktop\goruntuıslemeprojeleri_\goruntuıslemeprojeleri\debug\goruntuı.c8d72d1c.tlog\cluı.dll.bi
c:\users\orkhan alıyev\desktop\goruntuıslemeprojeleri_\goruntuıslemeprojeleri\debug\goruntuı.c8d72d1c.tlog\tzres.dll.bi
