c:\users\muratekıncı\desktop\basıc_ımage\console_appl\ımage_process1\ımage_process1\debug\ımage_process1.pch
c:\users\muratekıncı\desktop\basıc_ımage\console_appl\ımage_process1\ımage_process1\debug\vc120.pdb
c:\users\muratekıncı\desktop\basıc_ımage\console_appl\ımage_process1\ımage_process1\debug\vc120.ıdb
c:\users\muratekıncı\desktop\basıc_ımage\console_appl\ımage_process1\ımage_process1\debug\stdafx.obj
c:\users\muratekıncı\desktop\basıc_ımage\console_appl\ımage_process1\ımage_process1\debug\ımage_process1.obj
d:\vısual_ımage\console_app\ımage_process1\ımage_process1\debug\ımage_process1.pch
d:\vısual_ımage\console_app\ımage_process1\ımage_process1\debug\vc120.pdb
d:\vısual_ımage\console_app\ımage_process1\ımage_process1\debug\vc120.ıdb
d:\vısual_ımage\console_app\ımage_process1\ımage_process1\debug\stdafx.obj
d:\vısual_ımage\console_app\ımage_process1\ımage_process1\debug\ımage_process1.obj
d:\vısual_ımage\console_app\gray_ımage\ımage_process1\debug\ımage_process1.pch
d:\vısual_ımage\console_app\gray_ımage\ımage_process1\debug\vc120.pdb
d:\vısual_ımage\console_app\gray_ımage\ımage_process1\debug\vc120.ıdb
d:\vısual_ımage\console_app\gray_ımage\ımage_process1\debug\stdafx.obj
d:\vısual_ımage\console_app\gray_ımage\ımage_process1\debug\ımage_process1.obj
d:\vısual_ımage\console_app\gray_ımage\ımage_process1\debug\ımge_bmp.obj
d:\vısual_ımage\console_app\gray_ımage\ımage_process1\debug\ımge_process.obj
d:\vısual_ımage\console_app\basıc_process\ımage_process1\debug\ımage_process1.pch
d:\vısual_ımage\console_app\basıc_process\ımage_process1\debug\vc120.pdb
d:\vısual_ımage\console_app\basıc_process\ımage_process1\debug\vc120.ıdb
d:\vısual_ımage\console_app\basıc_process\ımage_process1\debug\stdafx.obj
d:\vısual_ımage\console_app\basıc_process\ımage_process1\debug\ımge_bmp.obj
d:\vısual_ımage\console_app\basıc_process\ımage_process1\debug\ımge_process.obj
d:\vısual_ımage\console_app\basıc_process\ımage_process1\debug\cızım.obj
d:\vısual_ımage\console_app\basıc_process\ımage_process1\debug\ımage_process1.obj
c:\users\muratekıncı\desktop\basıc_ımage\console_appl\ımage_process1\debug\ımage_process1.ılk
c:\users\muratekıncı\desktop\basıc_ımage\console_appl\ımage_process1\debug\ımage_process1.exe
c:\users\muratekıncı\desktop\basıc_ımage\console_appl\ımage_process1\debug\ımage_process1.pdb
d:\vısual_ımage\console_app\ımage_process1\debug\ımage_process1.ılk
d:\vısual_ımage\console_app\ımage_process1\debug\ımage_process1.exe
d:\vısual_ımage\console_app\ımage_process1\debug\ımage_process1.pdb
d:\vısual_ımage\console_app\gray_ımage\debug\ımage_process1.ılk
d:\vısual_ımage\console_app\gray_ımage\debug\ımage_process1.exe
d:\vısual_ımage\console_app\gray_ımage\debug\ımage_process1.pdb
d:\vısual_ımage\console_app\basıc_process\debug\ımage_process1.ılk
d:\vısual_ımage\console_app\basıc_process\debug\ımage_process1.exe
d:\vısual_ımage\console_app\basıc_process\debug\ımage_process1.pdb
d:\vısual_ımage\console_app\basic_process\ımage_process1\debug\cizim.obj
d:\vısual_ımage\console_app\basic_process\ımage_process1\debug\ımage_process1.obj
d:\vısual_ımage\console_app\basic_process\ımage_process1\debug\imge_bmp.obj
d:\vısual_ımage\console_app\basic_process\ımage_process1\debug\imge_process.obj
d:\vısual_ımage\console_app\basic_process\ımage_process1\debug\stdafx.obj
d:\vısual_ımage\console_app\basic_process\ımage_process1\debug\ımage_process1.pch
d:\vısual_ımage\console_app\basic_process\ımage_process1\debug\vc120.idb
d:\vısual_ımage\console_app\basic_process\ımage_process1\debug\vc120.pdb
d:\vısual_ımage\console_app\basic_process\debug\ımage_process1.pdb
d:\vısual_ımage\console_app\basic_process\debug\ımage_process1.exe
d:\vısual_ımage\console_app\basic_process\debug\ımage_process1.ilk
d:\vısual_ımage\console_app\basic_process\ımage_process1\debug\ımage_process1.tlog\cl.command.1.tlog
d:\vısual_ımage\console_app\basic_process\ımage_process1\debug\ımage_process1.tlog\cl.read.1.tlog
d:\vısual_ımage\console_app\basic_process\ımage_process1\debug\ımage_process1.tlog\cl.write.1.tlog
d:\vısual_ımage\console_app\basic_process\ımage_process1\debug\ımage_process1.tlog\link.command.1.tlog
d:\vısual_ımage\console_app\basic_process\ımage_process1\debug\ımage_process1.tlog\link.read.1.tlog
d:\vısual_ımage\console_app\basic_process\ımage_process1\debug\ımage_process1.tlog\link.write.1.tlog
